<?xml version="1.0" encoding="UTF-8"?>
<!-- Generated by org.testng.reporters.JUnitReportReporter -->
<testsuite hostname="MusaKalim" failures="0" tests="1" name="javacoding.challenges.ListPractices" time="0.010" errors="0" timestamp="16 Jun 2023 23:52:11 GMT" skipped="0">
  <testcase classname="javacoding.challenges.ListPractices" name="getSortRev" time="0.010"/>
</testsuite> <!-- javacoding.challenges.ListPractices -->
