<?xml version="1.0" encoding="UTF-8"?>
<!-- Generated by org.testng.reporters.JUnitReportReporter -->
<testsuite hostname="MusaKalim" failures="0" tests="2" name="javacoding.challenges.Practice2" time="0.009" errors="0" timestamp="13 Jun 2023 07:42:47 GMT" skipped="0">
  <testcase classname="javacoding.challenges.Practice2" name="getPalindrome" time="0.008"/>
  <testcase classname="javacoding.challenges.Practice2" name="getSortedData" time="0.001"/>
</testsuite> <!-- javacoding.challenges.Practice2 -->
