<?xml version="1.0" encoding="UTF-8"?>
<!-- Generated by org.testng.reporters.JUnitReportReporter -->
<testsuite hostname="MusaKalim" failures="0" tests="1" name="codingExcerciseFinal.IndexFinding" time="0.011" errors="0" timestamp="09 Aug 2023 04:51:40 GMT" skipped="0">
  <testcase classname="codingExcerciseFinal.IndexFinding" name="getStringIndex" time="0.011"/>
</testsuite> <!-- codingExcerciseFinal.IndexFinding -->
