<?xml version="1.0" encoding="UTF-8"?>
<!-- Generated by org.testng.reporters.JUnitReportReporter -->
<testsuite hostname="MusaKalim" failures="0" tests="1" name="javacoding.challenges.CodingExcercise" time="0.014" errors="0" timestamp="03 Jun 2023 23:40:56 GMT" skipped="0">
  <testcase classname="javacoding.challenges.CodingExcercise" name="getFindVowels" time="0.014"/>
</testsuite> <!-- javacoding.challenges.CodingExcercise -->
