<?xml version="1.0" encoding="UTF-8"?>
<!-- Generated by org.testng.reporters.JUnitReportReporter -->
<testsuite hostname="MusaKalim" failures="0" tests="3" name="testNG.challenges.CrossBrowserTesting" time="23.058" errors="0" timestamp="04 Jun 2023 22:52:14 GMT" skipped="0">
  <testcase classname="testNG.challenges.CrossBrowserTesting" name="TestSteps" time="7.706"/>
  <testcase classname="testNG.challenges.CrossBrowserTesting" name="TestSteps" time="7.756"/>
  <testcase classname="testNG.challenges.CrossBrowserTesting" name="TestSteps" time="7.596"/>
</testsuite> <!-- testNG.challenges.CrossBrowserTesting -->
