<?xml version="1.0" encoding="UTF-8"?>
<!-- Generated by org.testng.reporters.JUnitReportReporter -->
<testsuite hostname="MusaKalim" failures="0" tests="1" name="javacoding.challenges.BreakAndContinue" time="0.008" errors="0" timestamp="25 May 2023 00:03:25 GMT" skipped="0">
  <testcase classname="javacoding.challenges.BreakAndContinue" name="getSkipTheLoop" time="0.008"/>
</testsuite> <!-- javacoding.challenges.BreakAndContinue -->
