<?xml version="1.0" encoding="UTF-8"?>
<!-- Generated by org.testng.reporters.JUnitReportReporter -->
<testsuite hostname="MusaKalim" failures="0" tests="1" name="javacoding.challenges.Practice3" time="0.009" errors="0" timestamp="15 Jun 2023 01:23:51 GMT" skipped="0">
  <testcase classname="javacoding.challenges.Practice3" name="getStringIndex" time="0.009"/>
</testsuite> <!-- javacoding.challenges.Practice3 -->
