<?xml version="1.0" encoding="UTF-8"?>
<!-- Generated by org.testng.reporters.JUnitReportReporter -->
<testsuite hostname="MusaKalim" failures="0" tests="1" name="javacoding.challenges.RemoveSpCharacters" time="0.024" errors="0" timestamp="14 Jun 2023 23:48:14 GMT" skipped="0">
  <testcase classname="javacoding.challenges.RemoveSpCharacters" name="getRemoveSpecialChar" time="0.024"/>
</testsuite> <!-- javacoding.challenges.RemoveSpCharacters -->
