<?xml version="1.0" encoding="UTF-8"?>
<!-- Generated by org.testng.reporters.JUnitReportReporter -->
<testsuite hostname="MusaKalim" failures="0" tests="1" name="codingExcerciseFinal.SortDataFromArrayList" time="0.009" errors="0" timestamp="11 Aug 2023 02:45:50 GMT" skipped="0">
  <testcase classname="codingExcerciseFinal.SortDataFromArrayList" name="getSortedData" time="0.009"/>
</testsuite> <!-- codingExcerciseFinal.SortDataFromArrayList -->
