<?xml version="1.0" encoding="UTF-8"?>
<!-- Generated by org.testng.reporters.JUnitReportReporter -->
<testsuite hostname="MusaKalim" failures="0" tests="2" name="codingExcerciseFinal.SwapTheValue" time="0.048" errors="0" timestamp="10 Aug 2023 03:14:04 GMT" skipped="0">
  <testcase classname="codingExcerciseFinal.SwapTheValue" name="heap" time="0.039"/>
  <testcase classname="codingExcerciseFinal.SwapTheValue" name="swap" time="0.009"/>
</testsuite> <!-- codingExcerciseFinal.SwapTheValue -->
