<?xml version="1.0" encoding="UTF-8"?>
<!-- Generated by org.testng.reporters.JUnitReportReporter -->
<testsuite hostname="MusaKalim" failures="0" tests="1" name="codingExcerciseFinal.OccuringString" time="0.013" errors="0" timestamp="19 Aug 2023 21:04:53 GMT" skipped="0">
  <testcase classname="codingExcerciseFinal.OccuringString" name="occuringString" time="0.013"/>
</testsuite> <!-- codingExcerciseFinal.OccuringString -->
