<?xml version="1.0" encoding="UTF-8"?>
<!-- Generated by org.testng.reporters.JUnitReportReporter -->
<testsuite hostname="MusaKalim" failures="0" tests="1" name="javacoding.challenges.OccuringString" time="0.017" errors="0" timestamp="15 Jun 2023 00:21:14 GMT" skipped="0">
  <testcase classname="javacoding.challenges.OccuringString" name="getOccuringString" time="0.017"/>
</testsuite> <!-- javacoding.challenges.OccuringString -->
