<?xml version="1.0" encoding="UTF-8"?>
<!-- Generated by org.testng.reporters.JUnitReportReporter -->
<testsuite hostname="MusaKalim" failures="0" tests="1" name="javacoding.challenges.CodingExcerciseJune03Class" time="0.011" errors="0" timestamp="13 Jun 2023 07:26:02 GMT" skipped="0">
  <testcase classname="javacoding.challenges.CodingExcerciseJune03Class" name="getPalindrome" time="0.011"/>
</testsuite> <!-- javacoding.challenges.CodingExcerciseJune03Class -->
