<?xml version="1.0" encoding="UTF-8"?>
<!-- Generated by org.testng.reporters.JUnitReportReporter -->
<testsuite hostname="MusaKalim" failures="0" tests="1" name="javacoding.challenges.CodingExcercisePractice" time="0.011" errors="0" timestamp="07 Jun 2023 00:47:14 GMT" skipped="0">
  <testcase classname="javacoding.challenges.CodingExcercisePractice" name="getDup" time="0.011"/>
</testsuite> <!-- javacoding.challenges.CodingExcercisePractice -->
