<?xml version="1.0" encoding="UTF-8"?>
<!-- Generated by org.testng.reporters.JUnitReportReporter -->
<testsuite hostname="MusaKalim" failures="0" tests="1" name="codingExcerciseFinal.PracticeA" time="0.019" errors="0" timestamp="19 Aug 2023 20:01:47 GMT" skipped="0">
  <testcase classname="codingExcerciseFinal.PracticeA" name="swapValue" time="0.019"/>
</testsuite> <!-- codingExcerciseFinal.PracticeA -->
