<?xml version="1.0" encoding="UTF-8"?>
<!-- Generated by org.testng.reporters.JUnitReportReporter -->
<testsuite hostname="MusaKalim" failures="0" tests="1" name="codingExcerciseFinal.EvenOdd" time="0.011" errors="0" timestamp="23 Jun 2023 05:02:49 GMT" skipped="0">
  <testcase classname="codingExcerciseFinal.EvenOdd" name="getEvenAndOdd" time="0.011"/>
</testsuite> <!-- codingExcerciseFinal.EvenOdd -->
