<?xml version="1.0" encoding="UTF-8"?>
<!-- Generated by org.testng.reporters.JUnitReportReporter -->
<testsuite hostname="MusaKalim" failures="0" tests="1" name="codingExcerciseFinal.PracticeA" time="0.008" errors="0" timestamp="23 Jun 2023 05:15:38 GMT" skipped="0">
  <testcase classname="codingExcerciseFinal.PracticeA" name="getSwapValue" time="0.008"/>
</testsuite> <!-- codingExcerciseFinal.PracticeA -->
