<?xml version="1.0" encoding="UTF-8"?>
<!-- Generated by org.testng.reporters.JUnitReportReporter -->
<testsuite hostname="MusaKalim" failures="0" tests="2" name="javacoding.challenges.Practice4" time="0.012" errors="0" timestamp="15 Jun 2023 23:31:48 GMT" skipped="0">
  <testcase classname="javacoding.challenges.Practice4" name="getPalindrome3" time="0.001"/>
  <testcase classname="javacoding.challenges.Practice4" name="getEvenOdd" time="0.011"/>
</testsuite> <!-- javacoding.challenges.Practice4 -->
